2025-11-28T14:18:14.022Z vite:config bundled config file loaded in 43.84ms
2025-11-28T14:18:14.038Z vite:config using resolved config: {
  plugins: [
    'vite:build-metadata',
    'vite:watch-package-data',
    'vite:pre-alias',
    'alias',
    'vite:react-babel',
    'vite:react-refresh',
    'vite:modulepreload-polyfill',
    'vite:resolve',
    'vite:html-inline-proxy',
    'vite:css',
    'vite:esbuild',
    'vite:json',
    'vite:wasm-helper',
    'vite:worker',
    'vite:asset',
    'vite:wasm-fallback',
    'vite:define',
    'vite:css-post',
    'vite:build-html',
    'vite:worker-import-meta-url',
    'vite:asset-import-meta-url',
    'vite:force-systemjs-wrap-complete',
    'commonjs',
    'vite:data-uri',
    'vite:dynamic-import-vars',
    'vite:import-glob',
    'vite:build-import-analysis',
    'vite:esbuild-transpile',
    'vite:terser',
    'vite:reporter',
    'vite:load-fallback'
  ],
  resolve: {
    mainFields: [ 'browser', 'module', 'jsnext:main', 'jsnext' ],
    conditions: [],
    extensions: [
      '.mjs',  '.js',
      '.mts',  '.ts',
      '.jsx',  '.tsx',
      '.json'
    ],
    dedupe: [ 'react', 'react-dom' ],
    preserveSymlinks: false,
    alias: [ [Object], [Object], [Object], [Object] ]
  },
  optimizeDeps: {
    holdUntilCrawlEnd: true,
    include: [
      'pouchdb-browser',
      'pouchdb-find',
      'pouchdb-upsert',
      'react',
      'react-dom',
      'react/jsx-dev-runtime',
      'react/jsx-runtime'
    ],
    esbuildOptions: { preserveSymlinks: false, target: 'esnext', jsx: 'automatic' }
  },
  build: {
    target: [ 'es2020', 'edge88', 'firefox78', 'chrome87', 'safari14' ],
    cssTarget: [ 'es2020', 'edge88', 'firefox78', 'chrome87', 'safari14' ],
    outDir: 'dist',
    assetsDir: 'assets',
    assetsInlineLimit: 4096,
    cssCodeSplit: true,
    sourcemap: false,
    rollupOptions: { onwarn: [Function: onwarn] },
    minify: 'esbuild',
    terserOptions: {},
    write: true,
    emptyOutDir: null,
    copyPublicDir: true,
    manifest: false,
    lib: false,
    ssr: false,
    ssrManifest: false,
    ssrEmitAssets: false,
    reportCompressedSize: true,
    chunkSizeWarningLimit: 500,
    watch: null,
    commonjsOptions: {
      include: [Array],
      extensions: [Array],
      transformMixedEsModules: true
    },
    dynamicImportVarsOptions: { warnOnError: true, exclude: [Array] },
    modulePreload: { polyfill: true },
    cssMinify: true
  },
  esbuild: { jsxDev: false, jsx: 'automatic', jsxImportSource: undefined },
  configFile: 'C:/Projects/poc/Projects/dev/BLT-POC/Project-POC/pwa-bug-logger2/pwa-bug-logger - V2.0/vite.config.js',
  configFileDependencies: [
    'C:/Projects/poc/Projects/dev/BLT-POC/Project-POC/pwa-bug-logger2/pwa-bug-logger - V2.0/vite.config.js'
  ],
  inlineConfig: {
    root: undefined,
    base: undefined,
    mode: undefined,
    configFile: undefined,
    logLevel: undefined,
    clearScreen: undefined,
    build: {}
  },
  root: 'C:/Projects/poc/Projects/dev/BLT-POC/Project-POC/pwa-bug-logger2/pwa-bug-logger - V2.0',
  base: '/',
  decodedBase: '/',
  rawBase: '/',
  publicDir: 'C:/Projects/poc/Projects/dev/BLT-POC/Project-POC/pwa-bug-logger2/pwa-bug-logger - V2.0/public',
  cacheDir: 'C:/Projects/poc/Projects/dev/BLT-POC/Project-POC/pwa-bug-logger2/pwa-bug-logger - V2.0/node_modules/.vite',
  command: 'build',
  mode: 'production',
  ssr: {
    target: 'node',
    optimizeDeps: { noDiscovery: true, esbuildOptions: [Object] }
  },
  isWorker: false,
  mainConfig: null,
  bundleChain: [],
  isProduction: true,
  css: { lightningcss: undefined },
  server: {
    preTransformRequests: true,
    sourcemapIgnoreList: [Function: isInNodeModules$1],
    middlewareMode: false,
    fs: {
      strict: true,
      allow: [Array],
      deny: [Array],
      cachedChecks: undefined
    }
  },
  preview: {
    port: undefined,
    strictPort: undefined,
    host: undefined,
    allowedHosts: undefined,
    https: undefined,
    open: undefined,
    proxy: undefined,
    cors: undefined,
    headers: undefined
  },
  envDir: 'C:/Projects/poc/Projects/dev/BLT-POC/Project-POC/pwa-bug-logger2/pwa-bug-logger - V2.0',
  env: { BASE_URL: '/', MODE: 'production', DEV: false, PROD: true },
  assetsInclude: [Function: assetsInclude],
  logger: {
    hasWarned: false,
    info: [Function: info],
    warn: [Function: warn],
    warnOnce: [Function: warnOnce],
    error: [Function: error],
    clearScreen: [Function: clearScreen],
    hasErrorLogged: [Function: hasErrorLogged]
  },
  packageCache: Map(1) {
    'fnpd_C:/Projects/poc/Projects/dev/BLT-POC/Project-POC/pwa-bug-logger2/pwa-bug-logger - V2.0' => {
      dir: 'C:/Projects/poc/Projects/dev/BLT-POC/Project-POC/pwa-bug-logger2/pwa-bug-logger - V2.0',
      data: [Object],
      hasSideEffects: [Function: hasSideEffects],
      webResolvedImports: {},
      nodeResolvedImports: {},
      setResolvedCache: [Function: setResolvedCache],
      getResolvedCache: [Function: getResolvedCache]
    },
    set: [Function (anonymous)]
  },
  createResolver: [Function: createResolver],
  worker: { format: 'iife', plugins: '() => plugins', rollupOptions: {} },
  appType: 'spa',
  experimental: { importGlobRestoreExtension: false, hmrPartialAccept: false },
  webSocketToken: '7farxNSPa2zQ',
  additionalAllowedHosts: [],
  getSortedPlugins: [Function: getSortedPlugins],
  getSortedPluginHooks: [Function: getSortedPluginHooks]
}
[36mvite v5.4.21 [32mbuilding for production...[36m[39m
transforming...
[plugin:vite:resolve] [plugin vite:resolve] Module "events" has been externalized for browser compatibility, imported by "C:/Projects/poc/Projects/dev/BLT-POC/Project-POC/pwa-bug-logger2/pwa-bug-logger - V2.0/node_modules/pouchdb-browser/lib/index.es.js". See https://vite.dev/guide/troubleshooting.html#module-externalized-for-browser-compatibility for more details.
[32mΓ£ô[39m 114 modules transformed.
rendering chunks...
computing gzip size...
[2mdist/[22m[32mindex.html                 [39m[1m[2m  0.45 kB[22m[1m[22m[2m Γöé gzip:  0.29 kB[22m
[2mdist/[22m[35massets/index-BdobSIH2.css  [39m[1m[2m  3.27 kB[22m[1m[22m[2m Γöé gzip:  1.16 kB[22m
[2mdist/[22m[36massets/index-C1Zqgccv.js   [39m[1m[2m282.82 kB[22m[1m[22m[2m Γöé gzip: 93.04 kB[22m
[32mΓ£ô built in 861ms[39m
